<?xml version="1.0" encoding="UTF-8"?>
<!-- Generated by org.testng.reporters.JUnitReportReporter -->
<testsuite hostname="WhitePearl" failures="0" tests="2" name="com.webauto.test.GoogleSearchTest" time="10.307" errors="0" timestamp="2023-08-07T17:25:10 IST" skipped="0">
  <testcase classname="com.webauto.test.GoogleSearchTest" name="testGoogleSearchNeg" time="6.538"/>
  <system-out/>
  <testcase classname="com.webauto.test.GoogleSearchTest" name="testGoogleSearchPos" time="3.769"/>
  <system-out/>
</testsuite> <!-- com.webauto.test.GoogleSearchTest -->
