<?xml version="1.0" encoding="UTF-8"?>
<!-- Generated by org.testng.reporters.JUnitReportReporter -->
<testsuite hostname="WhitePearl" failures="0" tests="2" name="com.webauto.test.GoogleSearchTestAllure" time="13.602" errors="0" timestamp="2023-08-07T17:25:10 IST" skipped="0">
  <testcase classname="com.webauto.test.GoogleSearchTestAllure" name="testGoogleSearchNeg" time="8.974"/>
  <system-out/>
  <testcase classname="com.webauto.test.GoogleSearchTestAllure" name="testGoogleSearchPos" time="4.628"/>
  <system-out/>
</testsuite> <!-- com.webauto.test.GoogleSearchTestAllure -->
