<?xml version="1.0" encoding="UTF-8"?>
<!-- Generated by org.testng.reporters.JUnitReportReporter -->
<testsuite hostname="WhitePearl" failures="0" tests="4" name="com.webauto.test.GoogleSearchTestAllure" time="17.946" errors="0" timestamp="2023-08-16T02:14:56 IST" skipped="0">
  <testcase classname="com.webauto.test.GoogleSearchTestAllure" name="testGoogleSearchNeg" time="5.993"/>
  <system-out/>
  <testcase classname="com.webauto.test.GoogleSearchTestAllure" name="testGoogleSearchNeg" time="5.365"/>
  <system-out/>
  <testcase classname="com.webauto.test.GoogleSearchTestAllure" name="testGoogleSearchPos" time="2.514"/>
  <system-out/>
  <testcase classname="com.webauto.test.GoogleSearchTestAllure" name="testGoogleSearchPos" time="4.074"/>
  <system-out/>
</testsuite> <!-- com.webauto.test.GoogleSearchTestAllure -->
