<?xml version="1.0" encoding="UTF-8"?>
<!-- Generated by org.testng.reporters.JUnitReportReporter -->
<testsuite hostname="WhitePearl" failures="0" tests="4" name="com.webauto.test.GoogleSearchTest" time="23.300" errors="0" timestamp="2023-08-14T14:47:37 IST" skipped="0">
  <testcase classname="com.webauto.test.GoogleSearchTest" name="testGoogleSearchNeg" time="6.113"/>
  <system-out/>
  <testcase classname="com.webauto.test.GoogleSearchTest" name="testGoogleSearchNeg" time="8.342"/>
  <system-out/>
  <testcase classname="com.webauto.test.GoogleSearchTest" name="testGoogleSearchPos" time="5.487"/>
  <system-out/>
  <testcase classname="com.webauto.test.GoogleSearchTest" name="testGoogleSearchPos" time="3.358"/>
  <system-out/>
</testsuite> <!-- com.webauto.test.GoogleSearchTest -->
