<?xml version="1.0" encoding="UTF-8"?>
<!-- Generated by org.testng.reporters.JUnitReportReporter -->
<testsuite hostname="WhitePearl" failures="0" tests="4" name="com.webauto.test.GoogleSearchTestAllure" time="26.202" errors="0" timestamp="2023-08-14T14:47:37 IST" skipped="0">
  <testcase classname="com.webauto.test.GoogleSearchTestAllure" name="testGoogleSearchNeg" time="5.100"/>
  <system-out/>
  <testcase classname="com.webauto.test.GoogleSearchTestAllure" name="testGoogleSearchNeg" time="9.277"/>
  <system-out/>
  <testcase classname="com.webauto.test.GoogleSearchTestAllure" name="testGoogleSearchPos" time="7.039"/>
  <system-out/>
  <testcase classname="com.webauto.test.GoogleSearchTestAllure" name="testGoogleSearchPos" time="4.786"/>
  <system-out/>
</testsuite> <!-- com.webauto.test.GoogleSearchTestAllure -->
