<?xml version="1.0" encoding="UTF-8"?>
<!-- Generated by org.testng.reporters.JUnitReportReporter -->
<testsuite hostname="WhitePearl" failures="0" tests="4" name="com.webauto.test.GoogleSearchTest" time="22.619" errors="0" timestamp="2023-08-16T02:14:56 IST" skipped="0">
  <testcase classname="com.webauto.test.GoogleSearchTest" name="testGoogleSearchNeg" time="6.459"/>
  <system-out/>
  <testcase classname="com.webauto.test.GoogleSearchTest" name="testGoogleSearchNeg" time="6.720"/>
  <system-out/>
  <testcase classname="com.webauto.test.GoogleSearchTest" name="testGoogleSearchPos" time="6.713"/>
  <system-out/>
  <testcase classname="com.webauto.test.GoogleSearchTest" name="testGoogleSearchPos" time="2.727"/>
  <system-out/>
</testsuite> <!-- com.webauto.test.GoogleSearchTest -->
